<?xml version="1.0" encoding="UTF-8"?>
<testng-results skipped="0" failed="2" ignored="10" total="14" passed="2">
  <reporter-output>
  </reporter-output>
  <suite name="Suite" duration-ms="87339" started-at="2020-04-15T14:59:09 IST" finished-at="2020-04-15T15:00:36 IST">
    <groups>
    </groups>
    <test name="Test" duration-ms="87339" started-at="2020-04-15T14:59:09 IST" finished-at="2020-04-15T15:00:36 IST">
      <class name="com.testcases.TestCase01">
        <test-method status="PASS" signature="setup()[pri:0, instance:com.testcases.TestCase01@2a556333]" name="setup" is-config="true" duration-ms="13295" started-at="2020-04-15T14:59:09 IST" finished-at="2020-04-15T14:59:22 IST">
          <reporter-output>
          </reporter-output>
        </test-method> <!-- setup -->
        <test-method status="PASS" signature="Login()[pri:0, instance:com.testcases.TestCase01@2a556333]" name="Login" duration-ms="40586" started-at="2020-04-15T14:59:23 IST" finished-at="2020-04-15T15:00:03 IST">
          <reporter-output>
          </reporter-output>
        </test-method> <!-- Login -->
        <test-method status="PASS" signature="loginDataProvider(java.lang.String, java.lang.String)[pri:0, instance:com.testcases.TestCase01@2a556333]" name="loginDataProvider" duration-ms="11383" started-at="2020-04-15T15:00:03 IST" data-provider="AccountCreation" finished-at="2020-04-15T15:00:15 IST">
          <params>
            <param index="0">
              <value>
                <![CDATA[1]]>
              </value>
            </param>
            <param index="1">
              <value>
                <![CDATA[Shravan8April]]>
              </value>
            </param>
          </params>
          <reporter-output>
          </reporter-output>
        </test-method> <!-- loginDataProvider -->
        <test-method status="FAIL" signature="loginDataProvider(java.lang.String, java.lang.String)[pri:0, instance:com.testcases.TestCase01@2a556333]" name="loginDataProvider" duration-ms="11141" started-at="2020-04-15T15:00:15 IST" data-provider="AccountCreation" finished-at="2020-04-15T15:00:26 IST">
          <params>
            <param index="0">
              <value>
                <![CDATA[2]]>
              </value>
            </param>
            <param index="1">
              <value>
                <![CDATA[Shravan9April]]>
              </value>
            </param>
          </params>
          <exception class="org.openqa.selenium.ElementNotInteractableException">
            <message>
              <![CDATA[element not interactable
  (Session info: chrome=81.0.4044.92)
Build info: version: '3.141.59', revision: 'e82be7d358', time: '2018-11-14T08:17:03'
System info: host: 'SHRAVAN-PC', ip: '192.168.111.1', os.name: 'Windows 10', os.arch: 'amd64', os.version: '10.0', java.version: '1.8.0_65'
Driver info: org.openqa.selenium.chrome.ChromeDriver
Capabilities {acceptInsecureCerts: false, browserName: chrome, browserVersion: 81.0.4044.92, chrome: {chromedriverVersion: 80.0.3987.106 (f68069574609..., userDataDir: C:\Users\Shravan\AppData\Lo...}, goog:chromeOptions: {debuggerAddress: localhost:62267}, javascriptEnabled: true, networkConnectionEnabled: false, pageLoadStrategy: normal, platform: WINDOWS, platformName: WINDOWS, proxy: Proxy(), setWindowRect: true, strictFileInteractability: false, timeouts: {implicit: 0, pageLoad: 300000, script: 30000}, unhandledPromptBehavior: dismiss and notify}
Session ID: 06123664940377b0b90350cfc2bae77a]]>
            </message>
            <full-stacktrace>
              <![CDATA[org.openqa.selenium.ElementNotInteractableException: element not interactable
  (Session info: chrome=81.0.4044.92)
Build info: version: '3.141.59', revision: 'e82be7d358', time: '2018-11-14T08:17:03'
System info: host: 'SHRAVAN-PC', ip: '192.168.111.1', os.name: 'Windows 10', os.arch: 'amd64', os.version: '10.0', java.version: '1.8.0_65'
Driver info: org.openqa.selenium.chrome.ChromeDriver
Capabilities {acceptInsecureCerts: false, browserName: chrome, browserVersion: 81.0.4044.92, chrome: {chromedriverVersion: 80.0.3987.106 (f68069574609..., userDataDir: C:\Users\Shravan\AppData\Lo...}, goog:chromeOptions: {debuggerAddress: localhost:62267}, javascriptEnabled: true, networkConnectionEnabled: false, pageLoadStrategy: normal, platform: WINDOWS, platformName: WINDOWS, proxy: Proxy(), setWindowRect: true, strictFileInteractability: false, timeouts: {implicit: 0, pageLoad: 300000, script: 30000}, unhandledPromptBehavior: dismiss and notify}
Session ID: 06123664940377b0b90350cfc2bae77a
at sun.reflect.NativeConstructorAccessorImpl.newInstance0(Native Method)
at sun.reflect.NativeConstructorAccessorImpl.newInstance(Unknown Source)
at sun.reflect.DelegatingConstructorAccessorImpl.newInstance(Unknown Source)
at java.lang.reflect.Constructor.newInstance(Unknown Source)
at org.openqa.selenium.remote.http.W3CHttpResponseCodec.createException(W3CHttpResponseCodec.java:187)
at org.openqa.selenium.remote.http.W3CHttpResponseCodec.decode(W3CHttpResponseCodec.java:122)
at org.openqa.selenium.remote.http.W3CHttpResponseCodec.decode(W3CHttpResponseCodec.java:49)
at org.openqa.selenium.remote.HttpCommandExecutor.execute(HttpCommandExecutor.java:158)
at org.openqa.selenium.remote.service.DriverCommandExecutor.execute(DriverCommandExecutor.java:83)
at org.openqa.selenium.remote.RemoteWebDriver.execute(RemoteWebDriver.java:552)
at org.openqa.selenium.remote.RemoteWebElement.execute(RemoteWebElement.java:285)
at org.openqa.selenium.remote.RemoteWebElement.click(RemoteWebElement.java:84)
at com.pages.HomePage.NewAccountCLick(HomePage.java:39)
at com.testcases.TestCase01.loginDataProvider(TestCase01.java:105)
at sun.reflect.NativeMethodAccessorImpl.invoke0(Native Method)
at sun.reflect.NativeMethodAccessorImpl.invoke(Unknown Source)
at sun.reflect.DelegatingMethodAccessorImpl.invoke(Unknown Source)
at java.lang.reflect.Method.invoke(Unknown Source)
at org.testng.internal.MethodInvocationHelper.invokeMethod(MethodInvocationHelper.java:135)
at org.testng.internal.TestInvoker.invokeMethod(TestInvoker.java:598)
at org.testng.internal.TestInvoker.invokeTestMethod(TestInvoker.java:174)
at org.testng.internal.MethodRunner.runInSequence(MethodRunner.java:46)
at org.testng.internal.TestInvoker$MethodInvocationAgent.invoke(TestInvoker.java:821)
at org.testng.internal.TestInvoker.invokeTestMethods(TestInvoker.java:147)
at org.testng.internal.TestMethodWorker.invokeTestMethods(TestMethodWorker.java:146)
at org.testng.internal.TestMethodWorker.run(TestMethodWorker.java:128)
at java.util.ArrayList.forEach(Unknown Source)
at org.testng.TestRunner.privateRun(TestRunner.java:767)
at org.testng.TestRunner.run(TestRunner.java:588)
at org.testng.SuiteRunner.runTest(SuiteRunner.java:384)
at org.testng.SuiteRunner.runSequentially(SuiteRunner.java:378)
at org.testng.SuiteRunner.privateRun(SuiteRunner.java:337)
at org.testng.SuiteRunner.run(SuiteRunner.java:286)
at org.testng.SuiteRunnerWorker.runSuite(SuiteRunnerWorker.java:53)
at org.testng.SuiteRunnerWorker.run(SuiteRunnerWorker.java:96)
at org.testng.TestNG.runSuitesSequentially(TestNG.java:1214)
at org.testng.TestNG.runSuitesLocally(TestNG.java:1136)
at org.testng.TestNG.runSuites(TestNG.java:1066)
at org.testng.TestNG.run(TestNG.java:1034)
at org.testng.remote.AbstractRemoteTestNG.run(AbstractRemoteTestNG.java:115)
at org.testng.remote.RemoteTestNG.initAndRun(RemoteTestNG.java:251)
at org.testng.remote.RemoteTestNG.main(RemoteTestNG.java:77)
]]>
            </full-stacktrace>
          </exception> <!-- org.openqa.selenium.ElementNotInteractableException -->
          <reporter-output>
          </reporter-output>
        </test-method> <!-- loginDataProvider -->
        <test-method status="FAIL" signature="loginDataProvider(java.lang.String, java.lang.String)[pri:0, instance:com.testcases.TestCase01@2a556333]" name="loginDataProvider" duration-ms="10634" started-at="2020-04-15T15:00:26 IST" data-provider="AccountCreation" finished-at="2020-04-15T15:00:36 IST">
          <params>
            <param index="0">
              <value>
                <![CDATA[3]]>
              </value>
            </param>
            <param index="1">
              <value>
                <![CDATA[Shravan10April]]>
              </value>
            </param>
          </params>
          <exception class="org.openqa.selenium.NoSuchElementException">
            <message>
              <![CDATA[no such element: Unable to locate element: {"method":"xpath","selector":"//body[contains(@class,'desktop')]/div[contains(@class,'desktop container forceStyle oneOne lafStandardLayoutContainer lafAppLayoutHost forceAccess tablet')]/div[contains(@class,'DESKTOP uiContainerManager')]/div[contains(@class,'DESKTOP uiModal--medium uiModal--recordActionWrapper uiModal forceModal open active')]/div[contains(@class,'panel slds-modal slds-fade-in-open')]/div[contains(@class,'modal-container slds-modal__container')]/div[contains(@class,'modal-body scrollable slds-modal__content slds-p-around--medium')]/div[contains(@class,'windowViewMode-normal oneRecordActionWrapper isModal active lafPageHost')]/div[contains(@class,'isModal inlinePanel oneRecordActionWrapper')]/div[contains(@class,'actionBody')]/div[contains(@class,'allow-horizontal-form wide-input-break full-width forceDetailPanelDesktop')]/article/div[contains(@class,'test-id__record-layout-container riseTransitionEnabled')]/div[contains(@class,'full forcePageBlock forceRecordLayout')]/div[contains(@class,'slds-is-open full forcePageBlockSection forcePageBlockSectionEdit')]/div[@class='test-id__section-content slds-section__content section__content']/div[@class='slds-form slds-form_stacked slds-is-editing']/div[2]/div[1]/div[1]/div[1]/div[1]/input[1]"}
  (Session info: chrome=81.0.4044.92)
For documentation on this error, please visit: https://www.seleniumhq.org/exceptions/no_such_element.html
Build info: version: '3.141.59', revision: 'e82be7d358', time: '2018-11-14T08:17:03'
System info: host: 'SHRAVAN-PC', ip: '192.168.111.1', os.name: 'Windows 10', os.arch: 'amd64', os.version: '10.0', java.version: '1.8.0_65'
Driver info: org.openqa.selenium.chrome.ChromeDriver
Capabilities {acceptInsecureCerts: false, browserName: chrome, browserVersion: 81.0.4044.92, chrome: {chromedriverVersion: 80.0.3987.106 (f68069574609..., userDataDir: C:\Users\Shravan\AppData\Lo...}, goog:chromeOptions: {debuggerAddress: localhost:62267}, javascriptEnabled: true, networkConnectionEnabled: false, pageLoadStrategy: normal, platform: WINDOWS, platformName: WINDOWS, proxy: Proxy(), setWindowRect: true, strictFileInteractability: false, timeouts: {implicit: 0, pageLoad: 300000, script: 30000}, unhandledPromptBehavior: dismiss and notify}
Session ID: 06123664940377b0b90350cfc2bae77a
*** Element info: {Using=xpath, value=//body[contains(@class,'desktop')]/div[contains(@class,'desktop container forceStyle oneOne lafStandardLayoutContainer lafAppLayoutHost forceAccess tablet')]/div[contains(@class,'DESKTOP uiContainerManager')]/div[contains(@class,'DESKTOP uiModal--medium uiModal--recordActionWrapper uiModal forceModal open active')]/div[contains(@class,'panel slds-modal slds-fade-in-open')]/div[contains(@class,'modal-container slds-modal__container')]/div[contains(@class,'modal-body scrollable slds-modal__content slds-p-around--medium')]/div[contains(@class,'windowViewMode-normal oneRecordActionWrapper isModal active lafPageHost')]/div[contains(@class,'isModal inlinePanel oneRecordActionWrapper')]/div[contains(@class,'actionBody')]/div[contains(@class,'allow-horizontal-form wide-input-break full-width forceDetailPanelDesktop')]/article/div[contains(@class,'test-id__record-layout-container riseTransitionEnabled')]/div[contains(@class,'full forcePageBlock forceRecordLayout')]/div[contains(@class,'slds-is-open full forcePageBlockSection forcePageBlockSectionEdit')]/div[@class='test-id__section-content slds-section__content section__content']/div[@class='slds-form slds-form_stacked slds-is-editing']/div[2]/div[1]/div[1]/div[1]/div[1]/input[1]}]]>
            </message>
            <full-stacktrace>
              <![CDATA[org.openqa.selenium.NoSuchElementException: no such element: Unable to locate element: {"method":"xpath","selector":"//body[contains(@class,'desktop')]/div[contains(@class,'desktop container forceStyle oneOne lafStandardLayoutContainer lafAppLayoutHost forceAccess tablet')]/div[contains(@class,'DESKTOP uiContainerManager')]/div[contains(@class,'DESKTOP uiModal--medium uiModal--recordActionWrapper uiModal forceModal open active')]/div[contains(@class,'panel slds-modal slds-fade-in-open')]/div[contains(@class,'modal-container slds-modal__container')]/div[contains(@class,'modal-body scrollable slds-modal__content slds-p-around--medium')]/div[contains(@class,'windowViewMode-normal oneRecordActionWrapper isModal active lafPageHost')]/div[contains(@class,'isModal inlinePanel oneRecordActionWrapper')]/div[contains(@class,'actionBody')]/div[contains(@class,'allow-horizontal-form wide-input-break full-width forceDetailPanelDesktop')]/article/div[contains(@class,'test-id__record-layout-container riseTransitionEnabled')]/div[contains(@class,'full forcePageBlock forceRecordLayout')]/div[contains(@class,'slds-is-open full forcePageBlockSection forcePageBlockSectionEdit')]/div[@class='test-id__section-content slds-section__content section__content']/div[@class='slds-form slds-form_stacked slds-is-editing']/div[2]/div[1]/div[1]/div[1]/div[1]/input[1]"}
  (Session info: chrome=81.0.4044.92)
For documentation on this error, please visit: https://www.seleniumhq.org/exceptions/no_such_element.html
Build info: version: '3.141.59', revision: 'e82be7d358', time: '2018-11-14T08:17:03'
System info: host: 'SHRAVAN-PC', ip: '192.168.111.1', os.name: 'Windows 10', os.arch: 'amd64', os.version: '10.0', java.version: '1.8.0_65'
Driver info: org.openqa.selenium.chrome.ChromeDriver
Capabilities {acceptInsecureCerts: false, browserName: chrome, browserVersion: 81.0.4044.92, chrome: {chromedriverVersion: 80.0.3987.106 (f68069574609..., userDataDir: C:\Users\Shravan\AppData\Lo...}, goog:chromeOptions: {debuggerAddress: localhost:62267}, javascriptEnabled: true, networkConnectionEnabled: false, pageLoadStrategy: normal, platform: WINDOWS, platformName: WINDOWS, proxy: Proxy(), setWindowRect: true, strictFileInteractability: false, timeouts: {implicit: 0, pageLoad: 300000, script: 30000}, unhandledPromptBehavior: dismiss and notify}
Session ID: 06123664940377b0b90350cfc2bae77a
*** Element info: {Using=xpath, value=//body[contains(@class,'desktop')]/div[contains(@class,'desktop container forceStyle oneOne lafStandardLayoutContainer lafAppLayoutHost forceAccess tablet')]/div[contains(@class,'DESKTOP uiContainerManager')]/div[contains(@class,'DESKTOP uiModal--medium uiModal--recordActionWrapper uiModal forceModal open active')]/div[contains(@class,'panel slds-modal slds-fade-in-open')]/div[contains(@class,'modal-container slds-modal__container')]/div[contains(@class,'modal-body scrollable slds-modal__content slds-p-around--medium')]/div[contains(@class,'windowViewMode-normal oneRecordActionWrapper isModal active lafPageHost')]/div[contains(@class,'isModal inlinePanel oneRecordActionWrapper')]/div[contains(@class,'actionBody')]/div[contains(@class,'allow-horizontal-form wide-input-break full-width forceDetailPanelDesktop')]/article/div[contains(@class,'test-id__record-layout-container riseTransitionEnabled')]/div[contains(@class,'full forcePageBlock forceRecordLayout')]/div[contains(@class,'slds-is-open full forcePageBlockSection forcePageBlockSectionEdit')]/div[@class='test-id__section-content slds-section__content section__content']/div[@class='slds-form slds-form_stacked slds-is-editing']/div[2]/div[1]/div[1]/div[1]/div[1]/input[1]}
at sun.reflect.NativeConstructorAccessorImpl.newInstance0(Native Method)
at sun.reflect.NativeConstructorAccessorImpl.newInstance(Unknown Source)
at sun.reflect.DelegatingConstructorAccessorImpl.newInstance(Unknown Source)
at java.lang.reflect.Constructor.newInstance(Unknown Source)
at org.openqa.selenium.remote.http.W3CHttpResponseCodec.createException(W3CHttpResponseCodec.java:187)
at org.openqa.selenium.remote.http.W3CHttpResponseCodec.decode(W3CHttpResponseCodec.java:122)
at org.openqa.selenium.remote.http.W3CHttpResponseCodec.decode(W3CHttpResponseCodec.java:49)
at org.openqa.selenium.remote.HttpCommandExecutor.execute(HttpCommandExecutor.java:158)
at org.openqa.selenium.remote.service.DriverCommandExecutor.execute(DriverCommandExecutor.java:83)
at org.openqa.selenium.remote.RemoteWebDriver.execute(RemoteWebDriver.java:552)
at org.openqa.selenium.remote.RemoteWebDriver.findElement(RemoteWebDriver.java:323)
at org.openqa.selenium.remote.RemoteWebDriver.findElementByXPath(RemoteWebDriver.java:428)
at org.openqa.selenium.By$ByXPath.findElement(By.java:353)
at org.openqa.selenium.remote.RemoteWebDriver.findElement(RemoteWebDriver.java:315)
at com.pages.HomePage.EnterAccountName(HomePage.java:42)
at com.testcases.TestCase01.loginDataProvider(TestCase01.java:106)
at sun.reflect.NativeMethodAccessorImpl.invoke0(Native Method)
at sun.reflect.NativeMethodAccessorImpl.invoke(Unknown Source)
at sun.reflect.DelegatingMethodAccessorImpl.invoke(Unknown Source)
at java.lang.reflect.Method.invoke(Unknown Source)
at org.testng.internal.MethodInvocationHelper.invokeMethod(MethodInvocationHelper.java:135)
at org.testng.internal.TestInvoker.invokeMethod(TestInvoker.java:598)
at org.testng.internal.TestInvoker.invokeTestMethod(TestInvoker.java:174)
at org.testng.internal.MethodRunner.runInSequence(MethodRunner.java:46)
at org.testng.internal.TestInvoker$MethodInvocationAgent.invoke(TestInvoker.java:821)
at org.testng.internal.TestInvoker.invokeTestMethods(TestInvoker.java:147)
at org.testng.internal.TestMethodWorker.invokeTestMethods(TestMethodWorker.java:146)
at org.testng.internal.TestMethodWorker.run(TestMethodWorker.java:128)
at java.util.ArrayList.forEach(Unknown Source)
at org.testng.TestRunner.privateRun(TestRunner.java:767)
at org.testng.TestRunner.run(TestRunner.java:588)
at org.testng.SuiteRunner.runTest(SuiteRunner.java:384)
at org.testng.SuiteRunner.runSequentially(SuiteRunner.java:378)
at org.testng.SuiteRunner.privateRun(SuiteRunner.java:337)
at org.testng.SuiteRunner.run(SuiteRunner.java:286)
at org.testng.SuiteRunnerWorker.runSuite(SuiteRunnerWorker.java:53)
at org.testng.SuiteRunnerWorker.run(SuiteRunnerWorker.java:96)
at org.testng.TestNG.runSuitesSequentially(TestNG.java:1214)
at org.testng.TestNG.runSuitesLocally(TestNG.java:1136)
at org.testng.TestNG.runSuites(TestNG.java:1066)
at org.testng.TestNG.run(TestNG.java:1034)
at org.testng.remote.AbstractRemoteTestNG.run(AbstractRemoteTestNG.java:115)
at org.testng.remote.RemoteTestNG.initAndRun(RemoteTestNG.java:251)
at org.testng.remote.RemoteTestNG.main(RemoteTestNG.java:77)
]]>
            </full-stacktrace>
          </exception> <!-- org.openqa.selenium.NoSuchElementException -->
          <reporter-output>
          </reporter-output>
        </test-method> <!-- loginDataProvider -->
      </class> <!-- com.testcases.TestCase01 -->
    </test> <!-- Test -->
  </suite> <!-- Suite -->
</testng-results>
