<?xml version="1.0" encoding="UTF-8"?>
<!-- Generated by org.testng.reporters.JUnitXMLReporter -->
<testsuite hostname="Shravan-PC" ignored="10" name="Test" tests="4" failures="2" timestamp="2020-04-15T15:00:37 IST" time="87.339" errors="0">
  <testcase name="Login" time="40.586" classname="com.testcases.TestCase01"/>
  <testcase name="loginDataProvider" time="11.383" classname="com.testcases.TestCase01"/>
  <testcase name="loginDataProvider" time="11.141" classname="com.testcases.TestCase01">
    <failure type="org.openqa.selenium.ElementNotInteractableException" message="element not interactable
  (Session info: chrome=81.0.4044.92)
Build info: version: &amp;apos;3.141.59&amp;apos;, revision: &amp;apos;e82be7d358&amp;apos;, time: &amp;apos;2018-11-14T08:17:03&amp;apos;
System info: host: &amp;apos;SHRAVAN-PC&amp;apos;, ip: &amp;apos;192.168.111.1&amp;apos;, os.name: &amp;apos;Windows 10&amp;apos;, os.arch: &amp;apos;amd64&amp;apos;, os.version: &amp;apos;10.0&amp;apos;, java.version: &amp;apos;1.8.0_65&amp;apos;
Driver info: org.openqa.selenium.chrome.ChromeDriver
Capabilities {acceptInsecureCerts: false, browserName: chrome, browserVersion: 81.0.4044.92, chrome: {chromedriverVersion: 80.0.3987.106 (f68069574609..., userDataDir: C:\Users\Shravan\AppData\Lo...}, goog:chromeOptions: {debuggerAddress: localhost:62267}, javascriptEnabled: true, networkConnectionEnabled: false, pageLoadStrategy: normal, platform: WINDOWS, platformName: WINDOWS, proxy: Proxy(), setWindowRect: true, strictFileInteractability: false, timeouts: {implicit: 0, pageLoad: 300000, script: 30000}, unhandledPromptBehavior: dismiss and notify}
Session ID: 06123664940377b0b90350cfc2bae77a">
      <![CDATA[org.openqa.selenium.ElementNotInteractableException: element not interactable
  (Session info: chrome=81.0.4044.92)
Build info: version: '3.141.59', revision: 'e82be7d358', time: '2018-11-14T08:17:03'
System info: host: 'SHRAVAN-PC', ip: '192.168.111.1', os.name: 'Windows 10', os.arch: 'amd64', os.version: '10.0', java.version: '1.8.0_65'
Driver info: org.openqa.selenium.chrome.ChromeDriver
Capabilities {acceptInsecureCerts: false, browserName: chrome, browserVersion: 81.0.4044.92, chrome: {chromedriverVersion: 80.0.3987.106 (f68069574609..., userDataDir: C:\Users\Shravan\AppData\Lo...}, goog:chromeOptions: {debuggerAddress: localhost:62267}, javascriptEnabled: true, networkConnectionEnabled: false, pageLoadStrategy: normal, platform: WINDOWS, platformName: WINDOWS, proxy: Proxy(), setWindowRect: true, strictFileInteractability: false, timeouts: {implicit: 0, pageLoad: 300000, script: 30000}, unhandledPromptBehavior: dismiss and notify}
Session ID: 06123664940377b0b90350cfc2bae77a
at org.openqa.selenium.remote.http.W3CHttpResponseCodec.createException(W3CHttpResponseCodec.java:187)
at org.openqa.selenium.remote.http.W3CHttpResponseCodec.decode(W3CHttpResponseCodec.java:122)
at org.openqa.selenium.remote.http.W3CHttpResponseCodec.decode(W3CHttpResponseCodec.java:49)
at org.openqa.selenium.remote.HttpCommandExecutor.execute(HttpCommandExecutor.java:158)
at org.openqa.selenium.remote.service.DriverCommandExecutor.execute(DriverCommandExecutor.java:83)
at org.openqa.selenium.remote.RemoteWebDriver.execute(RemoteWebDriver.java:552)
at org.openqa.selenium.remote.RemoteWebElement.execute(RemoteWebElement.java:285)
at org.openqa.selenium.remote.RemoteWebElement.click(RemoteWebElement.java:84)
at com.pages.HomePage.NewAccountCLick(HomePage.java:39)
at com.testcases.TestCase01.loginDataProvider(TestCase01.java:105)
at java.util.ArrayList.forEach(Unknown Source)
... Removed 31 stack frames]]>
    </failure>
  </testcase> <!-- loginDataProvider -->
  <testcase name="loginDataProvider" time="10.634" classname="com.testcases.TestCase01">
    <failure type="org.openqa.selenium.NoSuchElementException" message="no such element: Unable to locate element: {&amp;quot;method&amp;quot;:&amp;quot;xpath&amp;quot;,&amp;quot;selector&amp;quot;:&amp;quot;//body[contains(@class,&amp;apos;desktop&amp;apos;)]/div[contains(@class,&amp;apos;desktop container forceStyle oneOne lafStandardLayoutContainer lafAppLayoutHost forceAccess tablet&amp;apos;)]/div[contains(@class,&amp;apos;DESKTOP uiContainerManager&amp;apos;)]/div[contains(@class,&amp;apos;DESKTOP uiModal--medium uiModal--recordActionWrapper uiModal forceModal open active&amp;apos;)]/div[contains(@class,&amp;apos;panel slds-modal slds-fade-in-open&amp;apos;)]/div[contains(@class,&amp;apos;modal-container slds-modal__container&amp;apos;)]/div[contains(@class,&amp;apos;modal-body scrollable slds-modal__content slds-p-around--medium&amp;apos;)]/div[contains(@class,&amp;apos;windowViewMode-normal oneRecordActionWrapper isModal active lafPageHost&amp;apos;)]/div[contains(@class,&amp;apos;isModal inlinePanel oneRecordActionWrapper&amp;apos;)]/div[contains(@class,&amp;apos;actionBody&amp;apos;)]/div[contains(@class,&amp;apos;allow-horizontal-form wide-input-break full-width forceDetailPanelDesktop&amp;apos;)]/article/div[contains(@class,&amp;apos;test-id__record-layout-container riseTransitionEnabled&amp;apos;)]/div[contains(@class,&amp;apos;full forcePageBlock forceRecordLayout&amp;apos;)]/div[contains(@class,&amp;apos;slds-is-open full forcePageBlockSection forcePageBlockSectionEdit&amp;apos;)]/div[@class=&amp;apos;test-id__section-content slds-section__content section__content&amp;apos;]/div[@class=&amp;apos;slds-form slds-form_stacked slds-is-editing&amp;apos;]/div[2]/div[1]/div[1]/div[1]/div[1]/input[1]&amp;quot;}
  (Session info: chrome=81.0.4044.92)
For documentation on this error, please visit: https://www.seleniumhq.org/exceptions/no_such_element.html
Build info: version: &amp;apos;3.141.59&amp;apos;, revision: &amp;apos;e82be7d358&amp;apos;, time: &amp;apos;2018-11-14T08:17:03&amp;apos;
System info: host: &amp;apos;SHRAVAN-PC&amp;apos;, ip: &amp;apos;192.168.111.1&amp;apos;, os.name: &amp;apos;Windows 10&amp;apos;, os.arch: &amp;apos;amd64&amp;apos;, os.version: &amp;apos;10.0&amp;apos;, java.version: &amp;apos;1.8.0_65&amp;apos;
Driver info: org.openqa.selenium.chrome.ChromeDriver
Capabilities {acceptInsecureCerts: false, browserName: chrome, browserVersion: 81.0.4044.92, chrome: {chromedriverVersion: 80.0.3987.106 (f68069574609..., userDataDir: C:\Users\Shravan\AppData\Lo...}, goog:chromeOptions: {debuggerAddress: localhost:62267}, javascriptEnabled: true, networkConnectionEnabled: false, pageLoadStrategy: normal, platform: WINDOWS, platformName: WINDOWS, proxy: Proxy(), setWindowRect: true, strictFileInteractability: false, timeouts: {implicit: 0, pageLoad: 300000, script: 30000}, unhandledPromptBehavior: dismiss and notify}
Session ID: 06123664940377b0b90350cfc2bae77a
*** Element info: {Using=xpath, value=//body[contains(@class,&amp;apos;desktop&amp;apos;)]/div[contains(@class,&amp;apos;desktop container forceStyle oneOne lafStandardLayoutContainer lafAppLayoutHost forceAccess tablet&amp;apos;)]/div[contains(@class,&amp;apos;DESKTOP uiContainerManager&amp;apos;)]/div[contains(@class,&amp;apos;DESKTOP uiModal--medium uiModal--recordActionWrapper uiModal forceModal open active&amp;apos;)]/div[contains(@class,&amp;apos;panel slds-modal slds-fade-in-open&amp;apos;)]/div[contains(@class,&amp;apos;modal-container slds-modal__container&amp;apos;)]/div[contains(@class,&amp;apos;modal-body scrollable slds-modal__content slds-p-around--medium&amp;apos;)]/div[contains(@class,&amp;apos;windowViewMode-normal oneRecordActionWrapper isModal active lafPageHost&amp;apos;)]/div[contains(@class,&amp;apos;isModal inlinePanel oneRecordActionWrapper&amp;apos;)]/div[contains(@class,&amp;apos;actionBody&amp;apos;)]/div[contains(@class,&amp;apos;allow-horizontal-form wide-input-break full-width forceDetailPanelDesktop&amp;apos;)]/article/div[contains(@class,&amp;apos;test-id__record-layout-container riseTransitionEnabled&amp;apos;)]/div[contains(@class,&amp;apos;full forcePageBlock forceRecordLayout&amp;apos;)]/div[contains(@class,&amp;apos;slds-is-open full forcePageBlockSection forcePageBlockSectionEdit&amp;apos;)]/div[@class=&amp;apos;test-id__section-content slds-section__content section__content&amp;apos;]/div[@class=&amp;apos;slds-form slds-form_stacked slds-is-editing&amp;apos;]/div[2]/div[1]/div[1]/div[1]/div[1]/input[1]}">
      <![CDATA[org.openqa.selenium.NoSuchElementException: no such element: Unable to locate element: {"method":"xpath","selector":"//body[contains(@class,'desktop')]/div[contains(@class,'desktop container forceStyle oneOne lafStandardLayoutContainer lafAppLayoutHost forceAccess tablet')]/div[contains(@class,'DESKTOP uiContainerManager')]/div[contains(@class,'DESKTOP uiModal--medium uiModal--recordActionWrapper uiModal forceModal open active')]/div[contains(@class,'panel slds-modal slds-fade-in-open')]/div[contains(@class,'modal-container slds-modal__container')]/div[contains(@class,'modal-body scrollable slds-modal__content slds-p-around--medium')]/div[contains(@class,'windowViewMode-normal oneRecordActionWrapper isModal active lafPageHost')]/div[contains(@class,'isModal inlinePanel oneRecordActionWrapper')]/div[contains(@class,'actionBody')]/div[contains(@class,'allow-horizontal-form wide-input-break full-width forceDetailPanelDesktop')]/article/div[contains(@class,'test-id__record-layout-container riseTransitionEnabled')]/div[contains(@class,'full forcePageBlock forceRecordLayout')]/div[contains(@class,'slds-is-open full forcePageBlockSection forcePageBlockSectionEdit')]/div[@class='test-id__section-content slds-section__content section__content']/div[@class='slds-form slds-form_stacked slds-is-editing']/div[2]/div[1]/div[1]/div[1]/div[1]/input[1]"}
  (Session info: chrome=81.0.4044.92)
For documentation on this error, please visit: https://www.seleniumhq.org/exceptions/no_such_element.html
Build info: version: '3.141.59', revision: 'e82be7d358', time: '2018-11-14T08:17:03'
System info: host: 'SHRAVAN-PC', ip: '192.168.111.1', os.name: 'Windows 10', os.arch: 'amd64', os.version: '10.0', java.version: '1.8.0_65'
Driver info: org.openqa.selenium.chrome.ChromeDriver
Capabilities {acceptInsecureCerts: false, browserName: chrome, browserVersion: 81.0.4044.92, chrome: {chromedriverVersion: 80.0.3987.106 (f68069574609..., userDataDir: C:\Users\Shravan\AppData\Lo...}, goog:chromeOptions: {debuggerAddress: localhost:62267}, javascriptEnabled: true, networkConnectionEnabled: false, pageLoadStrategy: normal, platform: WINDOWS, platformName: WINDOWS, proxy: Proxy(), setWindowRect: true, strictFileInteractability: false, timeouts: {implicit: 0, pageLoad: 300000, script: 30000}, unhandledPromptBehavior: dismiss and notify}
Session ID: 06123664940377b0b90350cfc2bae77a
*** Element info: {Using=xpath, value=//body[contains(@class,'desktop')]/div[contains(@class,'desktop container forceStyle oneOne lafStandardLayoutContainer lafAppLayoutHost forceAccess tablet')]/div[contains(@class,'DESKTOP uiContainerManager')]/div[contains(@class,'DESKTOP uiModal--medium uiModal--recordActionWrapper uiModal forceModal open active')]/div[contains(@class,'panel slds-modal slds-fade-in-open')]/div[contains(@class,'modal-container slds-modal__container')]/div[contains(@class,'modal-body scrollable slds-modal__content slds-p-around--medium')]/div[contains(@class,'windowViewMode-normal oneRecordActionWrapper isModal active lafPageHost')]/div[contains(@class,'isModal inlinePanel oneRecordActionWrapper')]/div[contains(@class,'actionBody')]/div[contains(@class,'allow-horizontal-form wide-input-break full-width forceDetailPanelDesktop')]/article/div[contains(@class,'test-id__record-layout-container riseTransitionEnabled')]/div[contains(@class,'full forcePageBlock forceRecordLayout')]/div[contains(@class,'slds-is-open full forcePageBlockSection forcePageBlockSectionEdit')]/div[@class='test-id__section-content slds-section__content section__content']/div[@class='slds-form slds-form_stacked slds-is-editing']/div[2]/div[1]/div[1]/div[1]/div[1]/input[1]}
at org.openqa.selenium.remote.http.W3CHttpResponseCodec.createException(W3CHttpResponseCodec.java:187)
at org.openqa.selenium.remote.http.W3CHttpResponseCodec.decode(W3CHttpResponseCodec.java:122)
at org.openqa.selenium.remote.http.W3CHttpResponseCodec.decode(W3CHttpResponseCodec.java:49)
at org.openqa.selenium.remote.HttpCommandExecutor.execute(HttpCommandExecutor.java:158)
at org.openqa.selenium.remote.service.DriverCommandExecutor.execute(DriverCommandExecutor.java:83)
at org.openqa.selenium.remote.RemoteWebDriver.execute(RemoteWebDriver.java:552)
at org.openqa.selenium.remote.RemoteWebDriver.findElement(RemoteWebDriver.java:323)
at org.openqa.selenium.remote.RemoteWebDriver.findElementByXPath(RemoteWebDriver.java:428)
at org.openqa.selenium.By$ByXPath.findElement(By.java:353)
at org.openqa.selenium.remote.RemoteWebDriver.findElement(RemoteWebDriver.java:315)
at com.pages.HomePage.EnterAccountName(HomePage.java:42)
at com.testcases.TestCase01.loginDataProvider(TestCase01.java:106)
at java.util.ArrayList.forEach(Unknown Source)
... Removed 31 stack frames]]>
    </failure>
  </testcase> <!-- loginDataProvider -->
  <testcase name="test1" time="0.0" classname="com.testcases.TestCase01">
    <ignored/>
  </testcase> <!-- test1 -->
  <testcase name="test4" time="0.0" classname="com.testcases.TestCase01">
    <ignored/>
  </testcase> <!-- test4 -->
  <testcase name="test6" time="0.0" classname="com.testcases.TestCase01">
    <ignored/>
  </testcase> <!-- test6 -->
  <testcase name="test9" time="0.0" classname="com.testcases.TestCase01">
    <ignored/>
  </testcase> <!-- test9 -->
  <testcase name="test10" time="0.0" classname="com.testcases.TestCase01">
    <ignored/>
  </testcase> <!-- test10 -->
  <testcase name="test7" time="0.0" classname="com.testcases.TestCase01">
    <ignored/>
  </testcase> <!-- test7 -->
  <testcase name="test2" time="0.0" classname="com.testcases.TestCase01">
    <ignored/>
  </testcase> <!-- test2 -->
  <testcase name="test5" time="0.0" classname="com.testcases.TestCase01">
    <ignored/>
  </testcase> <!-- test5 -->
  <testcase name="test8" time="0.0" classname="com.testcases.TestCase01">
    <ignored/>
  </testcase> <!-- test8 -->
  <testcase name="test3" time="0.0" classname="com.testcases.TestCase01">
    <ignored/>
  </testcase> <!-- test3 -->
</testsuite> <!-- Test -->
